[ 2018-03-15T09:45:25+08:00 ] ::1 /merlin/index.php/merlin/index.php/Admin/Goods/list.html
INFO: [ app_init ] --START--
INFO: Run Behavior\BuildLiteBehavior [ RunTime:0.000018s ]
INFO: [ app_init ] --END-- [ RunTime:0.000283s ]
ERR: 无法加载模块:Merlin

[ 2018-03-15T09:45:32+08:00 ] ::1 /merlin/index.php/merlin/index.php/Admin/Goods/list.html
INFO: [ app_init ] --START--
INFO: Run Behavior\BuildLiteBehavior [ RunTime:0.000015s ]
INFO: [ app_init ] --END-- [ RunTime:0.000564s ]
ERR: 无法加载模块:Merlin

[ 2018-03-15T09:45:33+08:00 ] ::1 /merlin/index.php/merlin/index.php/Admin/Goods/list.html
INFO: [ app_init ] --START--
INFO: Run Behavior\BuildLiteBehavior [ RunTime:0.000010s ]
INFO: [ app_init ] --END-- [ RunTime:0.000341s ]
ERR: 无法加载模块:Merlin

[ 2018-03-15T09:45:33+08:00 ] ::1 /merlin/index.php/merlin/index.php/Admin/Goods/list.html
INFO: [ app_init ] --START--
INFO: Run Behavior\BuildLiteBehavior [ RunTime:0.000014s ]
INFO: [ app_init ] --END-- [ RunTime:0.000465s ]
ERR: 无法加载模块:Merlin

[ 2018-03-15T09:45:33+08:00 ] ::1 /merlin/index.php/merlin/index.php/Admin/Goods/list.html
INFO: [ app_init ] --START--
INFO: Run Behavior\BuildLiteBehavior [ RunTime:0.000010s ]
INFO: [ app_init ] --END-- [ RunTime:0.000332s ]
ERR: 无法加载模块:Merlin

[ 2018-03-15T09:45:33+08:00 ] ::1 /merlin/index.php/merlin/index.php/Admin/Goods/list.html
INFO: [ app_init ] --START--
INFO: Run Behavior\BuildLiteBehavior [ RunTime:0.000012s ]
INFO: [ app_init ] --END-- [ RunTime:0.000397s ]
ERR: 无法加载模块:Merlin

[ 2018-03-15T09:45:34+08:00 ] ::1 /merlin/index.php/merlin/index.php/Admin/Goods/list.html
INFO: [ app_init ] --START--
INFO: Run Behavior\BuildLiteBehavior [ RunTime:0.000015s ]
INFO: [ app_init ] --END-- [ RunTime:0.000473s ]
ERR: 无法加载模块:Merlin

[ 2018-03-15T09:45:34+08:00 ] ::1 /merlin/index.php/merlin/index.php/Admin/Goods/list.html
INFO: [ app_init ] --START--
INFO: Run Behavior\BuildLiteBehavior [ RunTime:0.000013s ]
INFO: [ app_init ] --END-- [ RunTime:0.000449s ]
ERR: 无法加载模块:Merlin

[ 2018-03-15T09:45:35+08:00 ] ::1 /merlin/index.php/merlin/index.php/Admin/Goods/list.html
INFO: [ app_init ] --START--
INFO: Run Behavior\BuildLiteBehavior [ RunTime:0.000017s ]
INFO: [ app_init ] --END-- [ RunTime:0.001392s ]
ERR: 无法加载模块:Merlin

[ 2018-03-15T09:48:52+08:00 ] ::1 /merlin/index.php/merlin/index.php/Admin/Goods/add.html
INFO: [ app_init ] --START--
INFO: Run Behavior\BuildLiteBehavior [ RunTime:0.000009s ]
INFO: [ app_init ] --END-- [ RunTime:0.000315s ]
ERR: 无法加载模块:Merlin

