[ 2018-03-16T00:02:38+08:00 ] ::1 /merlin/index.php/Admin/Goods/edit/id/21.html
INFO: [ app_init ] --START--
INFO: Run Behavior\BuildLiteBehavior [ RunTime:0.000008s ]
INFO: [ app_init ] --END-- [ RunTime:0.000301s ]
INFO: [ app_begin ] --START--
INFO: Run Behavior\ReadHtmlCacheBehavior [ RunTime:0.000420s ]
INFO: [ app_begin ] --END-- [ RunTime:0.000456s ]
SQL: SHOW COLUMNS FROM `ye_goods` [ RunTime:0.0008s ]
SQL: SELECT * FROM `ye_goods` WHERE `id` = 21 LIMIT 1   [ RunTime:0.0003s ]
SQL: SHOW COLUMNS FROM `ye_brands` [ RunTime:0.0005s ]
SQL: SHOW COLUMNS FROM `ye_member_level` [ RunTime:0.0005s ]
SQL: SHOW COLUMNS FROM `ye_member_price` [ RunTime:0.0013s ]
SQL: SELECT `brand_id`,`brand_name` FROM `ye_brands`  [ RunTime:0.0002s ]
SQL: SELECT `level_id`,`level_name` FROM `ye_member_level`  [ RunTime:0.0002s ]
SQL: SELECT * FROM `ye_member_price` WHERE ( goods_id=21 )  [ RunTime:0.0607s ]
INFO: [ view_parse ] --START--
INFO: [ template_filter ] --START--
INFO: Run Behavior\ContentReplaceBehavior [ RunTime:0.000054s ]
INFO: [ template_filter ] --END-- [ RunTime:0.000082s ]
INFO: Run Behavior\ParseTemplateBehavior [ RunTime:0.006692s ]
INFO: [ view_parse ] --END-- [ RunTime:0.006728s ]
INFO: [ view_filter ] --START--
INFO: Run Behavior\WriteHtmlCacheBehavior [ RunTime:0.000271s ]
INFO: [ view_filter ] --END-- [ RunTime:0.000291s ]
INFO: [ app_end ] --START--
INFO: Run Behavior\ShowPageTraceBehavior [ RunTime:0.000469s ]
INFO: [ app_end ] --END-- [ RunTime:0.000490s ]

[ 2018-03-16T00:02:39+08:00 ] ::1 /merlin/index.php/Admin/Goods/edit/id/21.html
INFO: [ app_init ] --START--
INFO: Run Behavior\BuildLiteBehavior [ RunTime:0.000012s ]
INFO: [ app_init ] --END-- [ RunTime:0.000630s ]
INFO: [ app_begin ] --START--
INFO: Run Behavior\ReadHtmlCacheBehavior [ RunTime:0.000538s ]
INFO: [ app_begin ] --END-- [ RunTime:0.000574s ]
SQL: SHOW COLUMNS FROM `ye_goods` [ RunTime:0.0007s ]
SQL: SELECT * FROM `ye_goods` WHERE `id` = 21 LIMIT 1   [ RunTime:0.0003s ]
SQL: SHOW COLUMNS FROM `ye_brands` [ RunTime:0.0005s ]
SQL: SHOW COLUMNS FROM `ye_member_level` [ RunTime:0.0005s ]
SQL: SHOW COLUMNS FROM `ye_member_price` [ RunTime:0.0013s ]
SQL: SELECT `brand_id`,`brand_name` FROM `ye_brands`  [ RunTime:0.0002s ]
SQL: SELECT `level_id`,`level_name` FROM `ye_member_level`  [ RunTime:0.0002s ]
SQL: SELECT * FROM `ye_member_price` WHERE ( goods_id=21 )  [ RunTime:0.0003s ]
INFO: [ view_parse ] --START--
INFO: [ template_filter ] --START--
INFO: Run Behavior\ContentReplaceBehavior [ RunTime:0.000079s ]
INFO: [ template_filter ] --END-- [ RunTime:0.000131s ]
INFO: Run Behavior\ParseTemplateBehavior [ RunTime:0.007104s ]
INFO: [ view_parse ] --END-- [ RunTime:0.007135s ]
INFO: [ view_filter ] --START--
INFO: Run Behavior\WriteHtmlCacheBehavior [ RunTime:0.000246s ]
INFO: [ view_filter ] --END-- [ RunTime:0.000278s ]
INFO: [ app_end ] --START--
INFO: Run Behavior\ShowPageTraceBehavior [ RunTime:0.000400s ]
INFO: [ app_end ] --END-- [ RunTime:0.000422s ]

[ 2018-03-16T00:02:40+08:00 ] ::1 /merlin/index.php/Admin/Goods/list/p/3.html
INFO: [ app_init ] --START--
INFO: Run Behavior\BuildLiteBehavior [ RunTime:0.000012s ]
INFO: [ app_init ] --END-- [ RunTime:0.000336s ]
INFO: [ app_begin ] --START--
INFO: Run Behavior\ReadHtmlCacheBehavior [ RunTime:0.000902s ]
INFO: [ app_begin ] --END-- [ RunTime:0.000978s ]
SQL: SHOW COLUMNS FROM `ye_goods` [ RunTime:0.0006s ]
SQL: SELECT COUNT(*) AS tp_count FROM `ye_goods` LIMIT 1   [ RunTime:0.0002s ]
SQL: SELECT g.*,b.brand_name FROM ye_goods g left join ye_brands b on g.brand_id=b.brand_id  LIMIT 10,5   [ RunTime:0.0004s ]
INFO: [ view_parse ] --START--
INFO: [ template_filter ] --START--
INFO: Run Behavior\ContentReplaceBehavior [ RunTime:0.000077s ]
INFO: [ template_filter ] --END-- [ RunTime:0.000151s ]
INFO: Run Behavior\ParseTemplateBehavior [ RunTime:0.007504s ]
INFO: [ view_parse ] --END-- [ RunTime:0.007537s ]
INFO: [ view_filter ] --START--
INFO: Run Behavior\WriteHtmlCacheBehavior [ RunTime:0.000195s ]
INFO: [ view_filter ] --END-- [ RunTime:0.000214s ]
INFO: [ app_end ] --START--
INFO: Run Behavior\ShowPageTraceBehavior [ RunTime:0.000376s ]
INFO: [ app_end ] --END-- [ RunTime:0.000396s ]

[ 2018-03-16T00:02:42+08:00 ] ::1 /merlin/index.php/Admin/Goods/edit/id/21.html
INFO: [ app_init ] --START--
INFO: Run Behavior\BuildLiteBehavior [ RunTime:0.000008s ]
INFO: [ app_init ] --END-- [ RunTime:0.000279s ]
INFO: [ app_begin ] --START--
INFO: Run Behavior\ReadHtmlCacheBehavior [ RunTime:0.000363s ]
INFO: [ app_begin ] --END-- [ RunTime:0.000387s ]
SQL: SHOW COLUMNS FROM `ye_goods` [ RunTime:0.0006s ]
SQL: SELECT * FROM `ye_goods` WHERE `id` = 21 LIMIT 1   [ RunTime:0.0003s ]
SQL: SHOW COLUMNS FROM `ye_brands` [ RunTime:0.0005s ]
SQL: SHOW COLUMNS FROM `ye_member_level` [ RunTime:0.0005s ]
SQL: SHOW COLUMNS FROM `ye_member_price` [ RunTime:0.0004s ]
SQL: SELECT `brand_id`,`brand_name` FROM `ye_brands`  [ RunTime:0.0002s ]
SQL: SELECT `level_id`,`level_name` FROM `ye_member_level`  [ RunTime:0.0002s ]
SQL: SELECT * FROM `ye_member_price` WHERE ( goods_id=21 )  [ RunTime:0.0003s ]
INFO: [ view_parse ] --START--
INFO: [ template_filter ] --START--
INFO: Run Behavior\ContentReplaceBehavior [ RunTime:0.000054s ]
INFO: [ template_filter ] --END-- [ RunTime:0.000083s ]
INFO: Run Behavior\ParseTemplateBehavior [ RunTime:0.007214s ]
INFO: [ view_parse ] --END-- [ RunTime:0.007257s ]
INFO: [ view_filter ] --START--
INFO: Run Behavior\WriteHtmlCacheBehavior [ RunTime:0.000261s ]
INFO: [ view_filter ] --END-- [ RunTime:0.000285s ]
INFO: [ app_end ] --START--
INFO: Run Behavior\ShowPageTraceBehavior [ RunTime:0.000941s ]
INFO: [ app_end ] --END-- [ RunTime:0.001056s ]

[ 2018-03-16T00:02:48+08:00 ] ::1 /merlin/index.php/Admin/Goods/list/p/3.html
INFO: [ app_init ] --START--
INFO: Run Behavior\BuildLiteBehavior [ RunTime:0.000009s ]
INFO: [ app_init ] --END-- [ RunTime:0.000276s ]
INFO: [ app_begin ] --START--
INFO: Run Behavior\ReadHtmlCacheBehavior [ RunTime:0.000336s ]
INFO: [ app_begin ] --END-- [ RunTime:0.000374s ]
SQL: SHOW COLUMNS FROM `ye_goods` [ RunTime:0.0007s ]
SQL: SELECT COUNT(*) AS tp_count FROM `ye_goods` LIMIT 1   [ RunTime:0.0002s ]
SQL: SELECT g.*,b.brand_name FROM ye_goods g left join ye_brands b on g.brand_id=b.brand_id  LIMIT 10,5   [ RunTime:0.0004s ]
INFO: [ view_parse ] --START--
INFO: [ template_filter ] --START--
INFO: Run Behavior\ContentReplaceBehavior [ RunTime:0.000041s ]
INFO: [ template_filter ] --END-- [ RunTime:0.000071s ]
INFO: Run Behavior\ParseTemplateBehavior [ RunTime:0.006568s ]
INFO: [ view_parse ] --END-- [ RunTime:0.006600s ]
INFO: [ view_filter ] --START--
INFO: Run Behavior\WriteHtmlCacheBehavior [ RunTime:0.000211s ]
INFO: [ view_filter ] --END-- [ RunTime:0.000230s ]
INFO: [ app_end ] --START--
INFO: Run Behavior\ShowPageTraceBehavior [ RunTime:0.000394s ]
INFO: [ app_end ] --END-- [ RunTime:0.000415s ]

[ 2018-03-16T00:02:49+08:00 ] ::1 /merlin/index.php/Admin/Goods/edit/id/21.html
INFO: [ app_init ] --START--
INFO: Run Behavior\BuildLiteBehavior [ RunTime:0.000008s ]
INFO: [ app_init ] --END-- [ RunTime:0.000256s ]
INFO: [ app_begin ] --START--
INFO: Run Behavior\ReadHtmlCacheBehavior [ RunTime:0.000383s ]
INFO: [ app_begin ] --END-- [ RunTime:0.000418s ]
SQL: SHOW COLUMNS FROM `ye_goods` [ RunTime:0.0025s ]
SQL: SELECT * FROM `ye_goods` WHERE `id` = 21 LIMIT 1   [ RunTime:0.0004s ]
SQL: SHOW COLUMNS FROM `ye_brands` [ RunTime:0.0006s ]
SQL: SHOW COLUMNS FROM `ye_member_level` [ RunTime:0.0565s ]
SQL: SHOW COLUMNS FROM `ye_member_price` [ RunTime:0.0010s ]
SQL: SELECT `brand_id`,`brand_name` FROM `ye_brands`  [ RunTime:0.0003s ]
SQL: SELECT `level_id`,`level_name` FROM `ye_member_level`  [ RunTime:0.0002s ]
SQL: SELECT * FROM `ye_member_price` WHERE ( goods_id=21 )  [ RunTime:0.0003s ]
INFO: [ view_parse ] --START--
INFO: [ template_filter ] --START--
INFO: Run Behavior\ContentReplaceBehavior [ RunTime:0.000067s ]
INFO: [ template_filter ] --END-- [ RunTime:0.000111s ]
INFO: Run Behavior\ParseTemplateBehavior [ RunTime:0.008870s ]
INFO: [ view_parse ] --END-- [ RunTime:0.008909s ]
INFO: [ view_filter ] --START--
INFO: Run Behavior\WriteHtmlCacheBehavior [ RunTime:0.000250s ]
INFO: [ view_filter ] --END-- [ RunTime:0.000279s ]
INFO: [ app_end ] --START--
INFO: Run Behavior\ShowPageTraceBehavior [ RunTime:0.000390s ]
INFO: [ app_end ] --END-- [ RunTime:0.000423s ]

[ 2018-03-16T00:02:55+08:00 ] ::1 /merlin/index.php/Admin/Goods/list/p/3.html
INFO: [ app_init ] --START--
INFO: Run Behavior\BuildLiteBehavior [ RunTime:0.000019s ]
INFO: [ app_init ] --END-- [ RunTime:0.000356s ]
INFO: [ app_begin ] --START--
INFO: Run Behavior\ReadHtmlCacheBehavior [ RunTime:0.000528s ]
INFO: [ app_begin ] --END-- [ RunTime:0.000561s ]
SQL: SHOW COLUMNS FROM `ye_goods` [ RunTime:0.0008s ]
SQL: SELECT COUNT(*) AS tp_count FROM `ye_goods` LIMIT 1   [ RunTime:0.0009s ]
SQL: SELECT g.*,b.brand_name FROM ye_goods g left join ye_brands b on g.brand_id=b.brand_id  LIMIT 10,5   [ RunTime:0.0005s ]
INFO: [ view_parse ] --START--
INFO: [ template_filter ] --START--
INFO: Run Behavior\ContentReplaceBehavior [ RunTime:0.000041s ]
INFO: [ template_filter ] --END-- [ RunTime:0.000070s ]
INFO: Run Behavior\ParseTemplateBehavior [ RunTime:0.008146s ]
INFO: [ view_parse ] --END-- [ RunTime:0.008184s ]
INFO: [ view_filter ] --START--
INFO: Run Behavior\WriteHtmlCacheBehavior [ RunTime:0.000308s ]
INFO: [ view_filter ] --END-- [ RunTime:0.000332s ]
INFO: [ app_end ] --START--
INFO: Run Behavior\ShowPageTraceBehavior [ RunTime:0.000511s ]
INFO: [ app_end ] --END-- [ RunTime:0.000535s ]

[ 2018-03-16T00:02:57+08:00 ] ::1 /merlin/index.php/Admin/Goods/add.html
INFO: [ app_init ] --START--
INFO: Run Behavior\BuildLiteBehavior [ RunTime:0.000010s ]
INFO: [ app_init ] --END-- [ RunTime:0.000282s ]
INFO: [ app_begin ] --START--
INFO: Run Behavior\ReadHtmlCacheBehavior [ RunTime:0.001267s ]
INFO: [ app_begin ] --END-- [ RunTime:0.001447s ]
SQL: SHOW COLUMNS FROM `ye_member_level` [ RunTime:0.0006s ]
SQL: SELECT `level_id`,`level_name` FROM `ye_member_level`  [ RunTime:0.0002s ]
SQL: SHOW COLUMNS FROM `ye_brands` [ RunTime:0.0005s ]
SQL: SELECT `brand_id`,`brand_name` FROM `ye_brands`  [ RunTime:0.0002s ]
INFO: [ view_parse ] --START--
INFO: [ template_filter ] --START--
INFO: Run Behavior\ContentReplaceBehavior [ RunTime:0.000121s ]
INFO: [ template_filter ] --END-- [ RunTime:0.000236s ]
INFO: Run Behavior\ParseTemplateBehavior [ RunTime:0.010114s ]
INFO: [ view_parse ] --END-- [ RunTime:0.010146s ]
INFO: [ view_filter ] --START--
INFO: Run Behavior\WriteHtmlCacheBehavior [ RunTime:0.000227s ]
INFO: [ view_filter ] --END-- [ RunTime:0.000247s ]
INFO: [ app_end ] --START--
INFO: Run Behavior\ShowPageTraceBehavior [ RunTime:0.000404s ]
INFO: [ app_end ] --END-- [ RunTime:0.000425s ]

[ 2018-03-16T00:02:58+08:00 ] ::1 /merlin/index.php/Admin/Goods/list/p/3.html
INFO: [ app_init ] --START--
INFO: Run Behavior\BuildLiteBehavior [ RunTime:0.000018s ]
INFO: [ app_init ] --END-- [ RunTime:0.000282s ]
INFO: [ app_begin ] --START--
INFO: Run Behavior\ReadHtmlCacheBehavior [ RunTime:0.000374s ]
INFO: [ app_begin ] --END-- [ RunTime:0.000398s ]
SQL: SHOW COLUMNS FROM `ye_goods` [ RunTime:0.0007s ]
SQL: SELECT COUNT(*) AS tp_count FROM `ye_goods` LIMIT 1   [ RunTime:0.0002s ]
SQL: SELECT g.*,b.brand_name FROM ye_goods g left join ye_brands b on g.brand_id=b.brand_id  LIMIT 10,5   [ RunTime:0.0004s ]
INFO: [ view_parse ] --START--
INFO: [ template_filter ] --START--
INFO: Run Behavior\ContentReplaceBehavior [ RunTime:0.000041s ]
INFO: [ template_filter ] --END-- [ RunTime:0.000069s ]
INFO: Run Behavior\ParseTemplateBehavior [ RunTime:0.005863s ]
INFO: [ view_parse ] --END-- [ RunTime:0.005905s ]
INFO: [ view_filter ] --START--
INFO: Run Behavior\WriteHtmlCacheBehavior [ RunTime:0.000202s ]
INFO: [ view_filter ] --END-- [ RunTime:0.000232s ]
INFO: [ app_end ] --START--
INFO: Run Behavior\ShowPageTraceBehavior [ RunTime:0.000396s ]
INFO: [ app_end ] --END-- [ RunTime:0.000418s ]

[ 2018-03-16T00:02:59+08:00 ] ::1 /merlin/index.php/Admin/Goods/add.html
INFO: [ app_init ] --START--
INFO: Run Behavior\BuildLiteBehavior [ RunTime:0.000020s ]
INFO: [ app_init ] --END-- [ RunTime:0.000286s ]
INFO: [ app_begin ] --START--
INFO: Run Behavior\ReadHtmlCacheBehavior [ RunTime:0.000375s ]
INFO: [ app_begin ] --END-- [ RunTime:0.000399s ]
SQL: SHOW COLUMNS FROM `ye_member_level` [ RunTime:0.0005s ]
SQL: SELECT `level_id`,`level_name` FROM `ye_member_level`  [ RunTime:0.0002s ]
SQL: SHOW COLUMNS FROM `ye_brands` [ RunTime:0.0005s ]
SQL: SELECT `brand_id`,`brand_name` FROM `ye_brands`  [ RunTime:0.0002s ]
INFO: [ view_parse ] --START--
INFO: [ template_filter ] --START--
INFO: Run Behavior\ContentReplaceBehavior [ RunTime:0.000048s ]
INFO: [ template_filter ] --END-- [ RunTime:0.000076s ]
INFO: Run Behavior\ParseTemplateBehavior [ RunTime:0.006735s ]
INFO: [ view_parse ] --END-- [ RunTime:0.006796s ]
INFO: [ view_filter ] --START--
INFO: Run Behavior\WriteHtmlCacheBehavior [ RunTime:0.001764s ]
INFO: [ view_filter ] --END-- [ RunTime:0.001898s ]
INFO: [ app_end ] --START--
INFO: Run Behavior\ShowPageTraceBehavior [ RunTime:0.000777s ]
INFO: [ app_end ] --END-- [ RunTime:0.000816s ]

[ 2018-03-16T00:03:01+08:00 ] ::1 /merlin/index.php/Admin/Goods/add.html
INFO: [ app_init ] --START--
INFO: Run Behavior\BuildLiteBehavior [ RunTime:0.000009s ]
INFO: [ app_init ] --END-- [ RunTime:0.000273s ]
INFO: [ app_begin ] --START--
INFO: Run Behavior\ReadHtmlCacheBehavior [ RunTime:0.000369s ]
INFO: [ app_begin ] --END-- [ RunTime:0.000394s ]
SQL: SHOW COLUMNS FROM `ye_member_level` [ RunTime:0.0006s ]
SQL: SELECT `level_id`,`level_name` FROM `ye_member_level`  [ RunTime:0.0002s ]
SQL: SHOW COLUMNS FROM `ye_brands` [ RunTime:0.0006s ]
SQL: SELECT `brand_id`,`brand_name` FROM `ye_brands`  [ RunTime:0.0004s ]
INFO: [ view_parse ] --START--
INFO: [ template_filter ] --START--
INFO: Run Behavior\ContentReplaceBehavior [ RunTime:0.000048s ]
INFO: [ template_filter ] --END-- [ RunTime:0.000078s ]
INFO: Run Behavior\ParseTemplateBehavior [ RunTime:0.008551s ]
INFO: [ view_parse ] --END-- [ RunTime:0.008583s ]
INFO: [ view_filter ] --START--
INFO: Run Behavior\WriteHtmlCacheBehavior [ RunTime:0.000191s ]
INFO: [ view_filter ] --END-- [ RunTime:0.000211s ]
INFO: [ app_end ] --START--
INFO: Run Behavior\ShowPageTraceBehavior [ RunTime:0.000374s ]
INFO: [ app_end ] --END-- [ RunTime:0.000395s ]

[ 2018-03-16T00:03:01+08:00 ] ::1 /merlin/index.php/Admin/Goods/list/p/3.html
INFO: [ app_init ] --START--
INFO: Run Behavior\BuildLiteBehavior [ RunTime:0.000008s ]
INFO: [ app_init ] --END-- [ RunTime:0.000256s ]
INFO: [ app_begin ] --START--
INFO: Run Behavior\ReadHtmlCacheBehavior [ RunTime:0.000385s ]
INFO: [ app_begin ] --END-- [ RunTime:0.000419s ]
SQL: SHOW COLUMNS FROM `ye_goods` [ RunTime:0.0009s ]
SQL: SELECT COUNT(*) AS tp_count FROM `ye_goods` LIMIT 1   [ RunTime:0.0002s ]
SQL: SELECT g.*,b.brand_name FROM ye_goods g left join ye_brands b on g.brand_id=b.brand_id  LIMIT 10,5   [ RunTime:0.0005s ]
INFO: [ view_parse ] --START--
INFO: [ template_filter ] --START--
INFO: Run Behavior\ContentReplaceBehavior [ RunTime:0.000041s ]
INFO: [ template_filter ] --END-- [ RunTime:0.000068s ]
INFO: Run Behavior\ParseTemplateBehavior [ RunTime:0.005735s ]
INFO: [ view_parse ] --END-- [ RunTime:0.005768s ]
INFO: [ view_filter ] --START--
INFO: Run Behavior\WriteHtmlCacheBehavior [ RunTime:0.000189s ]
INFO: [ view_filter ] --END-- [ RunTime:0.000208s ]
INFO: [ app_end ] --START--
INFO: Run Behavior\ShowPageTraceBehavior [ RunTime:0.000393s ]
INFO: [ app_end ] --END-- [ RunTime:0.000414s ]

[ 2018-03-16T00:04:23+08:00 ] ::1 /merlin/index.php/Admin/Goods/list/p/3.html
INFO: [ app_init ] --START--
INFO: Run Behavior\BuildLiteBehavior [ RunTime:0.000007s ]
INFO: [ app_init ] --END-- [ RunTime:0.000252s ]
INFO: [ app_begin ] --START--
INFO: Run Behavior\ReadHtmlCacheBehavior [ RunTime:0.000342s ]
INFO: [ app_begin ] --END-- [ RunTime:0.000367s ]
SQL: SHOW COLUMNS FROM `ye_goods` [ RunTime:0.0009s ]
SQL: SELECT COUNT(*) AS tp_count FROM `ye_goods` LIMIT 1   [ RunTime:0.0002s ]
SQL: SELECT g.*,b.brand_name FROM ye_goods g left join ye_brands b on g.brand_id=b.brand_id  LIMIT 10,5   [ RunTime:0.0005s ]
INFO: [ view_parse ] --START--
INFO: [ template_filter ] --START--
INFO: Run Behavior\ContentReplaceBehavior [ RunTime:0.000043s ]
INFO: [ template_filter ] --END-- [ RunTime:0.000073s ]
INFO: Run Behavior\ParseTemplateBehavior [ RunTime:0.006288s ]
INFO: [ view_parse ] --END-- [ RunTime:0.006345s ]
INFO: [ view_filter ] --START--
INFO: Run Behavior\WriteHtmlCacheBehavior [ RunTime:0.000630s ]
INFO: [ view_filter ] --END-- [ RunTime:0.000777s ]
INFO: [ app_end ] --START--
INFO: Run Behavior\ShowPageTraceBehavior [ RunTime:0.001083s ]
INFO: [ app_end ] --END-- [ RunTime:0.001133s ]

[ 2018-03-16T00:04:25+08:00 ] ::1 /merlin/index.php/Admin/Goods/edit/id/21.html
INFO: [ app_init ] --START--
INFO: Run Behavior\BuildLiteBehavior [ RunTime:0.000008s ]
INFO: [ app_init ] --END-- [ RunTime:0.000271s ]
INFO: [ app_begin ] --START--
INFO: Run Behavior\ReadHtmlCacheBehavior [ RunTime:0.000375s ]
INFO: [ app_begin ] --END-- [ RunTime:0.000400s ]
SQL: SHOW COLUMNS FROM `ye_goods` [ RunTime:0.0007s ]
SQL: SELECT * FROM `ye_goods` WHERE `id` = 21 LIMIT 1   [ RunTime:0.0003s ]
SQL: SHOW COLUMNS FROM `ye_brands` [ RunTime:0.0005s ]
SQL: SHOW COLUMNS FROM `ye_member_level` [ RunTime:0.0005s ]
SQL: SHOW COLUMNS FROM `ye_member_price` [ RunTime:0.0013s ]
SQL: SELECT `brand_id`,`brand_name` FROM `ye_brands`  [ RunTime:0.0002s ]
SQL: SELECT `level_id`,`level_name` FROM `ye_member_level`  [ RunTime:0.0002s ]
SQL: SELECT * FROM `ye_member_price` WHERE ( goods_id=21 )  [ RunTime:0.0003s ]
INFO: [ view_parse ] --START--
INFO: [ template_filter ] --START--
INFO: Run Behavior\ContentReplaceBehavior [ RunTime:0.000055s ]
INFO: [ template_filter ] --END-- [ RunTime:0.000087s ]
INFO: Run Behavior\ParseTemplateBehavior [ RunTime:0.008514s ]
INFO: [ view_parse ] --END-- [ RunTime:0.008550s ]
INFO: [ view_filter ] --START--
INFO: Run Behavior\WriteHtmlCacheBehavior [ RunTime:0.000198s ]
INFO: [ view_filter ] --END-- [ RunTime:0.000219s ]
INFO: [ app_end ] --START--
INFO: Run Behavior\ShowPageTraceBehavior [ RunTime:0.000404s ]
INFO: [ app_end ] --END-- [ RunTime:0.000428s ]

[ 2018-03-16T00:05:40+08:00 ] ::1 /merlin/index.php/Admin/Goods/edit/id/21.html
INFO: [ app_init ] --START--
INFO: Run Behavior\BuildLiteBehavior [ RunTime:0.000008s ]
INFO: [ app_init ] --END-- [ RunTime:0.000322s ]
INFO: [ app_begin ] --START--
INFO: Run Behavior\ReadHtmlCacheBehavior [ RunTime:0.000512s ]
INFO: [ app_begin ] --END-- [ RunTime:0.000540s ]
SQL: SHOW COLUMNS FROM `ye_goods` [ RunTime:0.0008s ]
SQL: SELECT * FROM `ye_goods` WHERE `id` = 21 LIMIT 1   [ RunTime:0.0004s ]
SQL: SHOW COLUMNS FROM `ye_brands` [ RunTime:0.0005s ]
SQL: SHOW COLUMNS FROM `ye_member_level` [ RunTime:0.0005s ]
SQL: SHOW COLUMNS FROM `ye_member_price` [ RunTime:0.0012s ]
SQL: SELECT `brand_id`,`brand_name` FROM `ye_brands`  [ RunTime:0.0002s ]
SQL: SELECT `level_id`,`level_name` FROM `ye_member_level`  [ RunTime:0.0002s ]
SQL: SELECT * FROM `ye_member_price` WHERE ( goods_id=21 )  [ RunTime:0.0003s ]
INFO: [ view_parse ] --START--
INFO: [ template_filter ] --START--
INFO: Run Behavior\ContentReplaceBehavior [ RunTime:0.000079s ]
INFO: [ template_filter ] --END-- [ RunTime:0.000110s ]
INFO: Run Behavior\ParseTemplateBehavior [ RunTime:0.007922s ]
INFO: [ view_parse ] --END-- [ RunTime:0.007958s ]
INFO: [ view_filter ] --START--
INFO: Run Behavior\WriteHtmlCacheBehavior [ RunTime:0.000273s ]
INFO: [ view_filter ] --END-- [ RunTime:0.000295s ]
INFO: [ app_end ] --START--
INFO: Run Behavior\ShowPageTraceBehavior [ RunTime:0.000484s ]
INFO: [ app_end ] --END-- [ RunTime:0.000507s ]

[ 2018-03-16T00:05:41+08:00 ] ::1 /merlin/index.php/Admin/Goods/edit/id/21.html
INFO: [ app_init ] --START--
INFO: Run Behavior\BuildLiteBehavior [ RunTime:0.000010s ]
INFO: [ app_init ] --END-- [ RunTime:0.000333s ]
INFO: [ app_begin ] --START--
INFO: Run Behavior\ReadHtmlCacheBehavior [ RunTime:0.000416s ]
INFO: [ app_begin ] --END-- [ RunTime:0.000445s ]
SQL: SHOW COLUMNS FROM `ye_goods` [ RunTime:0.0009s ]
SQL: SELECT * FROM `ye_goods` WHERE `id` = 21 LIMIT 1   [ RunTime:0.0016s ]
SQL: SHOW COLUMNS FROM `ye_brands` [ RunTime:0.0006s ]
SQL: SHOW COLUMNS FROM `ye_member_level` [ RunTime:0.0007s ]
SQL: SHOW COLUMNS FROM `ye_member_price` [ RunTime:0.0005s ]
SQL: SELECT `brand_id`,`brand_name` FROM `ye_brands`  [ RunTime:0.0002s ]
SQL: SELECT `level_id`,`level_name` FROM `ye_member_level`  [ RunTime:0.0002s ]
SQL: SELECT * FROM `ye_member_price` WHERE ( goods_id=21 )  [ RunTime:0.0003s ]
INFO: [ view_parse ] --START--
INFO: [ template_filter ] --START--
INFO: Run Behavior\ContentReplaceBehavior [ RunTime:0.000054s ]
INFO: [ template_filter ] --END-- [ RunTime:0.000086s ]
INFO: Run Behavior\ParseTemplateBehavior [ RunTime:0.006969s ]
INFO: [ view_parse ] --END-- [ RunTime:0.007009s ]
INFO: [ view_filter ] --START--
INFO: Run Behavior\WriteHtmlCacheBehavior [ RunTime:0.000209s ]
INFO: [ view_filter ] --END-- [ RunTime:0.000232s ]
INFO: [ app_end ] --START--
INFO: Run Behavior\ShowPageTraceBehavior [ RunTime:0.000640s ]
INFO: [ app_end ] --END-- [ RunTime:0.000731s ]

[ 2018-03-16T00:05:44+08:00 ] ::1 /merlin/index.php/Admin/Goods/add.html
INFO: [ app_init ] --START--
INFO: Run Behavior\BuildLiteBehavior [ RunTime:0.000009s ]
INFO: [ app_init ] --END-- [ RunTime:0.000261s ]
INFO: [ app_begin ] --START--
INFO: Run Behavior\ReadHtmlCacheBehavior [ RunTime:0.000345s ]
INFO: [ app_begin ] --END-- [ RunTime:0.000368s ]
SQL: SHOW COLUMNS FROM `ye_member_level` [ RunTime:0.0006s ]
SQL: SELECT `level_id`,`level_name` FROM `ye_member_level`  [ RunTime:0.0002s ]
SQL: SHOW COLUMNS FROM `ye_brands` [ RunTime:0.0008s ]
SQL: SELECT `brand_id`,`brand_name` FROM `ye_brands`  [ RunTime:0.0013s ]
INFO: [ view_parse ] --START--
INFO: [ template_filter ] --START--
INFO: Run Behavior\ContentReplaceBehavior [ RunTime:0.000049s ]
INFO: [ template_filter ] --END-- [ RunTime:0.000081s ]
INFO: Run Behavior\ParseTemplateBehavior [ RunTime:0.007614s ]
INFO: [ view_parse ] --END-- [ RunTime:0.007650s ]
INFO: [ view_filter ] --START--
INFO: Run Behavior\WriteHtmlCacheBehavior [ RunTime:0.000192s ]
INFO: [ view_filter ] --END-- [ RunTime:0.000211s ]
INFO: [ app_end ] --START--
INFO: Run Behavior\ShowPageTraceBehavior [ RunTime:0.000379s ]
INFO: [ app_end ] --END-- [ RunTime:0.000400s ]

[ 2018-03-16T00:05:46+08:00 ] ::1 /merlin/index.php/Admin/Goods/edit/id/21.html
INFO: [ app_init ] --START--
INFO: Run Behavior\BuildLiteBehavior [ RunTime:0.000009s ]
INFO: [ app_init ] --END-- [ RunTime:0.000260s ]
INFO: [ app_begin ] --START--
INFO: Run Behavior\ReadHtmlCacheBehavior [ RunTime:0.000364s ]
INFO: [ app_begin ] --END-- [ RunTime:0.000398s ]
SQL: SHOW COLUMNS FROM `ye_goods` [ RunTime:0.0009s ]
SQL: SELECT * FROM `ye_goods` WHERE `id` = 21 LIMIT 1   [ RunTime:0.0011s ]
SQL: SHOW COLUMNS FROM `ye_brands` [ RunTime:0.0006s ]
SQL: SHOW COLUMNS FROM `ye_member_level` [ RunTime:0.0006s ]
SQL: SHOW COLUMNS FROM `ye_member_price` [ RunTime:0.0007s ]
SQL: SELECT `brand_id`,`brand_name` FROM `ye_brands`  [ RunTime:0.0010s ]
SQL: SELECT `level_id`,`level_name` FROM `ye_member_level`  [ RunTime:0.0002s ]
SQL: SELECT * FROM `ye_member_price` WHERE ( goods_id=21 )  [ RunTime:0.0003s ]
INFO: [ view_parse ] --START--
INFO: [ template_filter ] --START--
INFO: Run Behavior\ContentReplaceBehavior [ RunTime:0.000105s ]
INFO: [ template_filter ] --END-- [ RunTime:0.000156s ]
INFO: Run Behavior\ParseTemplateBehavior [ RunTime:0.006487s ]
INFO: [ view_parse ] --END-- [ RunTime:0.006522s ]
INFO: [ view_filter ] --START--
INFO: Run Behavior\WriteHtmlCacheBehavior [ RunTime:0.000277s ]
INFO: [ view_filter ] --END-- [ RunTime:0.000310s ]
INFO: [ app_end ] --START--
INFO: Run Behavior\ShowPageTraceBehavior [ RunTime:0.000533s ]
INFO: [ app_end ] --END-- [ RunTime:0.000583s ]

[ 2018-03-16T00:05:47+08:00 ] ::1 /merlin/index.php/Admin/Goods/list.html
INFO: [ app_init ] --START--
INFO: Run Behavior\BuildLiteBehavior [ RunTime:0.000014s ]
INFO: [ app_init ] --END-- [ RunTime:0.000448s ]
INFO: [ app_begin ] --START--
INFO: Run Behavior\ReadHtmlCacheBehavior [ RunTime:0.000585s ]
INFO: [ app_begin ] --END-- [ RunTime:0.000629s ]
SQL: SHOW COLUMNS FROM `ye_goods` [ RunTime:0.0009s ]
SQL: SELECT COUNT(*) AS tp_count FROM `ye_goods` LIMIT 1   [ RunTime:0.0003s ]
SQL: SELECT g.*,b.brand_name FROM ye_goods g left join ye_brands b on g.brand_id=b.brand_id  LIMIT 0,5   [ RunTime:0.0006s ]
INFO: [ view_parse ] --START--
INFO: [ template_filter ] --START--
INFO: Run Behavior\ContentReplaceBehavior [ RunTime:0.000075s ]
INFO: [ template_filter ] --END-- [ RunTime:0.000127s ]
INFO: Run Behavior\ParseTemplateBehavior [ RunTime:0.010116s ]
INFO: [ view_parse ] --END-- [ RunTime:0.010192s ]
INFO: [ view_filter ] --START--
INFO: Run Behavior\WriteHtmlCacheBehavior [ RunTime:0.000355s ]
INFO: [ view_filter ] --END-- [ RunTime:0.000391s ]
INFO: [ app_end ] --START--
INFO: Run Behavior\ShowPageTraceBehavior [ RunTime:0.000710s ]
INFO: [ app_end ] --END-- [ RunTime:0.000763s ]

[ 2018-03-16T00:05:49+08:00 ] ::1 /merlin/index.php/Admin/Goods/edit/id/7.html
INFO: [ app_init ] --START--
INFO: Run Behavior\BuildLiteBehavior [ RunTime:0.000008s ]
INFO: [ app_init ] --END-- [ RunTime:0.000266s ]
INFO: [ app_begin ] --START--
INFO: Run Behavior\ReadHtmlCacheBehavior [ RunTime:0.000395s ]
INFO: [ app_begin ] --END-- [ RunTime:0.000430s ]
SQL: SHOW COLUMNS FROM `ye_goods` [ RunTime:0.0006s ]
SQL: SELECT * FROM `ye_goods` WHERE `id` = 7 LIMIT 1   [ RunTime:0.0003s ]
SQL: SHOW COLUMNS FROM `ye_brands` [ RunTime:0.0007s ]
SQL: SHOW COLUMNS FROM `ye_member_level` [ RunTime:0.0016s ]
SQL: SHOW COLUMNS FROM `ye_member_price` [ RunTime:0.0005s ]
SQL: SELECT `brand_id`,`brand_name` FROM `ye_brands`  [ RunTime:0.0002s ]
SQL: SELECT `level_id`,`level_name` FROM `ye_member_level`  [ RunTime:0.0002s ]
SQL: SELECT * FROM `ye_member_price` WHERE ( goods_id=7 )  [ RunTime:0.0003s ]
NOTIC: [8] Undefined variable: mp_data F:\php\Apache24\htdocs\merlin\Application\Admin\Controller\GoodsController.class.php 第 84 行.
INFO: [ view_parse ] --START--
INFO: [ template_filter ] --START--
INFO: Run Behavior\ContentReplaceBehavior [ RunTime:0.000059s ]
INFO: [ template_filter ] --END-- [ RunTime:0.000099s ]
INFO: Run Behavior\ParseTemplateBehavior [ RunTime:0.007650s ]
INFO: [ view_parse ] --END-- [ RunTime:0.007686s ]
INFO: [ view_filter ] --START--
INFO: Run Behavior\WriteHtmlCacheBehavior [ RunTime:0.000194s ]
INFO: [ view_filter ] --END-- [ RunTime:0.000212s ]
INFO: [ app_end ] --START--
INFO: Run Behavior\ShowPageTraceBehavior [ RunTime:0.000394s ]
INFO: [ app_end ] --END-- [ RunTime:0.000428s ]

[ 2018-03-16T00:05:51+08:00 ] ::1 /merlin/index.php/Admin/Goods/list.html
INFO: [ app_init ] --START--
INFO: Run Behavior\BuildLiteBehavior [ RunTime:0.000015s ]
INFO: [ app_init ] --END-- [ RunTime:0.000724s ]
INFO: [ app_begin ] --START--
INFO: Run Behavior\ReadHtmlCacheBehavior [ RunTime:0.000426s ]
INFO: [ app_begin ] --END-- [ RunTime:0.000475s ]
SQL: SHOW COLUMNS FROM `ye_goods` [ RunTime:0.0006s ]
SQL: SELECT COUNT(*) AS tp_count FROM `ye_goods` LIMIT 1   [ RunTime:0.0002s ]
SQL: SELECT g.*,b.brand_name FROM ye_goods g left join ye_brands b on g.brand_id=b.brand_id  LIMIT 0,5   [ RunTime:0.0004s ]
INFO: [ view_parse ] --START--
INFO: [ template_filter ] --START--
INFO: Run Behavior\ContentReplaceBehavior [ RunTime:0.000046s ]
INFO: [ template_filter ] --END-- [ RunTime:0.000082s ]
INFO: Run Behavior\ParseTemplateBehavior [ RunTime:0.007940s ]
INFO: [ view_parse ] --END-- [ RunTime:0.007971s ]
INFO: [ view_filter ] --START--
INFO: Run Behavior\WriteHtmlCacheBehavior [ RunTime:0.000236s ]
INFO: [ view_filter ] --END-- [ RunTime:0.000257s ]
INFO: [ app_end ] --START--
INFO: Run Behavior\ShowPageTraceBehavior [ RunTime:0.000386s ]
INFO: [ app_end ] --END-- [ RunTime:0.000408s ]

[ 2018-03-16T00:05:54+08:00 ] ::1 /merlin/index.php/Admin/Goods/list/p/3.html
INFO: [ app_init ] --START--
INFO: Run Behavior\BuildLiteBehavior [ RunTime:0.000010s ]
INFO: [ app_init ] --END-- [ RunTime:0.000309s ]
INFO: [ app_begin ] --START--
INFO: Run Behavior\ReadHtmlCacheBehavior [ RunTime:0.000391s ]
INFO: [ app_begin ] --END-- [ RunTime:0.000417s ]
SQL: SHOW COLUMNS FROM `ye_goods` [ RunTime:0.0007s ]
SQL: SELECT COUNT(*) AS tp_count FROM `ye_goods` LIMIT 1   [ RunTime:0.0006s ]
SQL: SELECT g.*,b.brand_name FROM ye_goods g left join ye_brands b on g.brand_id=b.brand_id  LIMIT 10,5   [ RunTime:0.0005s ]
INFO: [ view_parse ] --START--
INFO: [ template_filter ] --START--
INFO: Run Behavior\ContentReplaceBehavior [ RunTime:0.000042s ]
INFO: [ template_filter ] --END-- [ RunTime:0.000071s ]
INFO: Run Behavior\ParseTemplateBehavior [ RunTime:0.007036s ]
INFO: [ view_parse ] --END-- [ RunTime:0.007069s ]
INFO: [ view_filter ] --START--
INFO: Run Behavior\WriteHtmlCacheBehavior [ RunTime:0.000239s ]
INFO: [ view_filter ] --END-- [ RunTime:0.000261s ]
INFO: [ app_end ] --START--
INFO: Run Behavior\ShowPageTraceBehavior [ RunTime:0.000415s ]
INFO: [ app_end ] --END-- [ RunTime:0.000437s ]

[ 2018-03-16T00:05:56+08:00 ] ::1 /merlin/index.php/Admin/Goods/edit/id/21.html
INFO: [ app_init ] --START--
INFO: Run Behavior\BuildLiteBehavior [ RunTime:0.000008s ]
INFO: [ app_init ] --END-- [ RunTime:0.000281s ]
INFO: [ app_begin ] --START--
INFO: Run Behavior\ReadHtmlCacheBehavior [ RunTime:0.000495s ]
INFO: [ app_begin ] --END-- [ RunTime:0.000531s ]
SQL: SHOW COLUMNS FROM `ye_goods` [ RunTime:0.0006s ]
SQL: SELECT * FROM `ye_goods` WHERE `id` = 21 LIMIT 1   [ RunTime:0.0003s ]
SQL: SHOW COLUMNS FROM `ye_brands` [ RunTime:0.0005s ]
SQL: SHOW COLUMNS FROM `ye_member_level` [ RunTime:0.0009s ]
SQL: SHOW COLUMNS FROM `ye_member_price` [ RunTime:0.0027s ]
SQL: SELECT `brand_id`,`brand_name` FROM `ye_brands`  [ RunTime:0.0003s ]
SQL: SELECT `level_id`,`level_name` FROM `ye_member_level`  [ RunTime:0.0002s ]
SQL: SELECT * FROM `ye_member_price` WHERE ( goods_id=21 )  [ RunTime:0.0003s ]
INFO: [ view_parse ] --START--
INFO: [ template_filter ] --START--
INFO: Run Behavior\ContentReplaceBehavior [ RunTime:0.000119s ]
INFO: [ template_filter ] --END-- [ RunTime:0.000221s ]
INFO: Run Behavior\ParseTemplateBehavior [ RunTime:0.008629s ]
INFO: [ view_parse ] --END-- [ RunTime:0.008672s ]
INFO: [ view_filter ] --START--
INFO: Run Behavior\WriteHtmlCacheBehavior [ RunTime:0.000197s ]
INFO: [ view_filter ] --END-- [ RunTime:0.000231s ]
INFO: [ app_end ] --START--
INFO: Run Behavior\ShowPageTraceBehavior [ RunTime:0.000396s ]
INFO: [ app_end ] --END-- [ RunTime:0.000418s ]

[ 2018-03-16T00:06:37+08:00 ] ::1 /merlin/index.php/Admin/Goods/edit/id/21.html
INFO: [ app_init ] --START--
INFO: Run Behavior\BuildLiteBehavior [ RunTime:0.000024s ]
INFO: [ app_init ] --END-- [ RunTime:0.000518s ]
INFO: [ app_begin ] --START--
INFO: Run Behavior\ReadHtmlCacheBehavior [ RunTime:0.000651s ]
INFO: [ app_begin ] --END-- [ RunTime:0.000726s ]
SQL: SHOW COLUMNS FROM `ye_goods` [ RunTime:0.0008s ]
SQL: SELECT * FROM `ye_goods` WHERE `id` = 21 LIMIT 1   [ RunTime:0.0003s ]
SQL: SHOW COLUMNS FROM `ye_brands` [ RunTime:0.0005s ]
SQL: SHOW COLUMNS FROM `ye_member_level` [ RunTime:0.0005s ]
SQL: SHOW COLUMNS FROM `ye_member_price` [ RunTime:0.0012s ]
SQL: SELECT `brand_id`,`brand_name` FROM `ye_brands`  [ RunTime:0.0003s ]
SQL: SELECT `level_id`,`level_name` FROM `ye_member_level`  [ RunTime:0.0002s ]
SQL: SELECT * FROM `ye_member_price` WHERE ( goods_id=21 )  [ RunTime:0.0108s ]
INFO: [ view_parse ] --START--
INFO: [ template_filter ] --START--
INFO: Run Behavior\ContentReplaceBehavior [ RunTime:0.000052s ]
INFO: [ template_filter ] --END-- [ RunTime:0.000078s ]
INFO: Run Behavior\ParseTemplateBehavior [ RunTime:0.006078s ]
INFO: [ view_parse ] --END-- [ RunTime:0.006123s ]
INFO: [ view_filter ] --START--
INFO: Run Behavior\WriteHtmlCacheBehavior [ RunTime:0.000246s ]
INFO: [ view_filter ] --END-- [ RunTime:0.000272s ]
INFO: [ app_end ] --START--
INFO: Run Behavior\ShowPageTraceBehavior [ RunTime:0.000438s ]
INFO: [ app_end ] --END-- [ RunTime:0.000463s ]

[ 2018-03-16T00:06:38+08:00 ] ::1 /merlin/index.php/Admin/Goods/list.html
INFO: [ app_init ] --START--
INFO: Run Behavior\BuildLiteBehavior [ RunTime:0.000027s ]
INFO: [ app_init ] --END-- [ RunTime:0.000652s ]
INFO: [ app_begin ] --START--
INFO: Run Behavior\ReadHtmlCacheBehavior [ RunTime:0.000387s ]
INFO: [ app_begin ] --END-- [ RunTime:0.000413s ]
SQL: SHOW COLUMNS FROM `ye_goods` [ RunTime:0.0007s ]
SQL: SELECT COUNT(*) AS tp_count FROM `ye_goods` LIMIT 1   [ RunTime:0.0003s ]
SQL: SELECT g.*,b.brand_name FROM ye_goods g left join ye_brands b on g.brand_id=b.brand_id  LIMIT 0,5   [ RunTime:0.0004s ]
INFO: [ view_parse ] --START--
INFO: [ template_filter ] --START--
INFO: Run Behavior\ContentReplaceBehavior [ RunTime:0.000050s ]
INFO: [ template_filter ] --END-- [ RunTime:0.000089s ]
INFO: Run Behavior\ParseTemplateBehavior [ RunTime:0.006931s ]
INFO: [ view_parse ] --END-- [ RunTime:0.006965s ]
INFO: [ view_filter ] --START--
INFO: Run Behavior\WriteHtmlCacheBehavior [ RunTime:0.000326s ]
INFO: [ view_filter ] --END-- [ RunTime:0.000364s ]
INFO: [ app_end ] --START--
INFO: Run Behavior\ShowPageTraceBehavior [ RunTime:0.000652s ]
INFO: [ app_end ] --END-- [ RunTime:0.000686s ]

[ 2018-03-16T00:06:39+08:00 ] ::1 /merlin/index.php/Admin/Goods/add.html
INFO: [ app_init ] --START--
INFO: Run Behavior\BuildLiteBehavior [ RunTime:0.000016s ]
INFO: [ app_init ] --END-- [ RunTime:0.000510s ]
INFO: [ app_begin ] --START--
INFO: Run Behavior\ReadHtmlCacheBehavior [ RunTime:0.000596s ]
INFO: [ app_begin ] --END-- [ RunTime:0.000643s ]
SQL: SHOW COLUMNS FROM `ye_member_level` [ RunTime:0.0005s ]
SQL: SELECT `level_id`,`level_name` FROM `ye_member_level`  [ RunTime:0.0002s ]
SQL: SHOW COLUMNS FROM `ye_brands` [ RunTime:0.0005s ]
SQL: SELECT `brand_id`,`brand_name` FROM `ye_brands`  [ RunTime:0.0003s ]
INFO: [ view_parse ] --START--
INFO: [ template_filter ] --START--
INFO: Run Behavior\ContentReplaceBehavior [ RunTime:0.000049s ]
INFO: [ template_filter ] --END-- [ RunTime:0.000080s ]
INFO: Run Behavior\ParseTemplateBehavior [ RunTime:0.008920s ]
INFO: [ view_parse ] --END-- [ RunTime:0.008964s ]
INFO: [ view_filter ] --START--
INFO: Run Behavior\WriteHtmlCacheBehavior [ RunTime:0.000258s ]
INFO: [ view_filter ] --END-- [ RunTime:0.000286s ]
INFO: [ app_end ] --START--
INFO: Run Behavior\ShowPageTraceBehavior [ RunTime:0.000433s ]
INFO: [ app_end ] --END-- [ RunTime:0.000458s ]

